<?xml version="1.0" encoding="UTF-8"?>
<testng-results ignored="0" total="1" passed="1" failed="0" skipped="0">
  <reporter-output>
  </reporter-output>
  <suite started-at="2026-05-10T10:20:41 IST" name="Suite" finished-at="2026-05-10T10:20:41 IST" duration-ms="74">
    <groups>
    </groups>
    <test started-at="2026-05-10T10:20:41 IST" name="Test" finished-at="2026-05-10T10:20:41 IST" duration-ms="74">
      <class name="p.DemoTest">
        <test-method signature="demoTest()[pri:0, instance:p.DemoTest@4facf68f]" started-at="2026-05-10T10:20:41 IST" name="demoTest" finished-at="2026-05-10T10:20:41 IST" duration-ms="8" status="PASS">
          <reporter-output>
          </reporter-output>
        </test-method> <!-- demoTest -->
      </class> <!-- p.DemoTest -->
    </test> <!-- Test -->
  </suite> <!-- Suite -->
</testng-results>
