<?xml version="1.0" encoding="UTF-8"?>
<testng-results ignored="0" total="1" passed="1" failed="0" skipped="0">
  <reporter-output>
  </reporter-output>
  <suite started-at="2026-05-10T10:19:22 IST" name="Default suite" finished-at="2026-05-10T10:19:22 IST" duration-ms="72">
    <groups>
    </groups>
    <test started-at="2026-05-10T10:19:22 IST" name="Default test" finished-at="2026-05-10T10:19:22 IST" duration-ms="72">
      <class name="p.DemoTest">
        <test-method signature="demoTest()[pri:0, instance:p.DemoTest@185a6e9]" started-at="2026-05-10T10:19:22 IST" name="demoTest" finished-at="2026-05-10T10:19:22 IST" duration-ms="20" status="PASS">
          <reporter-output>
          </reporter-output>
        </test-method> <!-- demoTest -->
      </class> <!-- p.DemoTest -->
    </test> <!-- Default test -->
  </suite> <!-- Default suite -->
</testng-results>
